<?xml version="1.0" encoding="UTF-8"?>
<!-- Generated by org.testng.reporters.JUnitReportReporter -->
<testsuite hostname="RockysTeritory" failures="0" tests="1" name="testscript.AddToCartTest" time="49.388" errors="0" timestamp="2023-05-29T10:41:53 IST" skipped="0">
  <testcase classname="testscript.AddToCartTest" name="addToCartTest" time="49.388"/>
  <system-out/>
</testsuite> <!-- testscript.AddToCartTest -->
