<?xml version="1.0" encoding="UTF-8"?>
<!-- Generated by org.testng.reporters.JUnitReportReporter -->
<testsuite hostname="RockysTeritory" failures="0" tests="1" name="testscript.SendContactDetailsTest" time="52.087" errors="0" timestamp="2023-05-29T11:46:47 IST" skipped="0">
  <testcase classname="testscript.SendContactDetailsTest" name="sendContactDetailsTest" time="52.087"/>
  <system-out/>
</testsuite> <!-- testscript.SendContactDetailsTest -->
